Using pre-set license
Built from '2022.3/staging' branch; Version is '2022.3.9f1 (ea401c316338) revision 15351836'; Using compiler version '192829333'; Build Type 'Release'
OS: 'Windows 11  (10.0.22621) 64bit Core' Language: 'en' Physical Memory: 32598 MB
BatchMode: 1, IsHumanControllingUs: 0, StartBugReporterOnCrash: 0, Is64bit: 1, IsPro: 1

COMMAND LINE ARGUMENTS:
D:\Unity\2022.3.9f1\Editor\Unity.exe
-adb2
-batchMode
-noUpm
-name
AssetImportWorker2
-projectPath
C:/Users/court/OneDrive/Desktop/liStemport
-logFile
Logs/AssetImportWorker2.log
-srvPort
52182
Successfully changed project path to: C:/Users/court/OneDrive/Desktop/liStemport
C:/Users/court/OneDrive/Desktop/liStemport
[UnityMemory] Configuration Parameters - Can be set up in boot.config
    "memorysetup-bucket-allocator-granularity=16"
    "memorysetup-bucket-allocator-bucket-count=8"
    "memorysetup-bucket-allocator-block-size=33554432"
    "memorysetup-bucket-allocator-block-count=8"
    "memorysetup-main-allocator-block-size=16777216"
    "memorysetup-thread-allocator-block-size=16777216"
    "memorysetup-gfx-main-allocator-block-size=16777216"
    "memorysetup-gfx-thread-allocator-block-size=16777216"
    "memorysetup-cache-allocator-block-size=4194304"
    "memorysetup-typetree-allocator-block-size=2097152"
    "memorysetup-profiler-bucket-allocator-granularity=16"
    "memorysetup-profiler-bucket-allocator-bucket-count=8"
    "memorysetup-profiler-bucket-allocator-block-size=33554432"
    "memorysetup-profiler-bucket-allocator-block-count=8"
    "memorysetup-profiler-allocator-block-size=16777216"
    "memorysetup-profiler-editor-allocator-block-size=1048576"
    "memorysetup-temp-allocator-size-main=16777216"
    "memorysetup-job-temp-allocator-block-size=2097152"
    "memorysetup-job-temp-allocator-block-size-background=1048576"
    "memorysetup-job-temp-allocator-reduction-small-platforms=262144"
    "memorysetup-allocator-temp-initial-block-size-main=262144"
    "memorysetup-allocator-temp-initial-block-size-worker=262144"
    "memorysetup-temp-allocator-size-background-worker=32768"
    "memorysetup-temp-allocator-size-job-worker=262144"
    "memorysetup-temp-allocator-size-preload-manager=33554432"
    "memorysetup-temp-allocator-size-nav-mesh-worker=65536"
    "memorysetup-temp-allocator-size-audio-worker=65536"
    "memorysetup-temp-allocator-size-cloud-worker=32768"
    "memorysetup-temp-allocator-size-gi-baking-worker=262144"
    "memorysetup-temp-allocator-size-gfx=262144"
Player connection [8840] Host "[IP] 172.20.21.206 [Port] 0 [Flags] 2 [Guid] 1101885023 [EditorId] 1101885023 [Version] 1048832 [Id] WindowsEditor(7,KiwiPC) [Debug] 1 [PackageName] WindowsEditor [ProjectName] Editor" joined multi-casting on [225.0.0.222:54997]...

Player connection [8840] Host "[IP] 172.20.21.206 [Port] 0 [Flags] 2 [Guid] 1101885023 [EditorId] 1101885023 [Version] 1048832 [Id] WindowsEditor(7,KiwiPC) [Debug] 1 [PackageName] WindowsEditor [ProjectName] Editor" joined alternative multi-casting on [225.0.0.222:34997]...

[Physics::Module] Initialized MultithreadedJobDispatcher with 11 workers.
Refreshing native plugins compatible for Editor in 97.36 ms, found 4 plugins.
Preloading 0 native plugins for Editor in 0.00 ms.
Initialize engine version: 2022.3.9f1 (ea401c316338)
[Subsystems] Discovering subsystems at path D:/Unity/2022.3.9f1/Editor/Data/Resources/UnitySubsystems
[Subsystems] Discovering subsystems at path C:/Users/court/OneDrive/Desktop/liStemport/Assets
GfxDevice: creating device client; threaded=0; jobified=0
Direct3D:
    Version:  Direct3D 11.0 [level 11.1]
    Renderer: NVIDIA GeForce RTX 3060 (ID=0x2504)
    Vendor:   NVIDIA
    VRAM:     12129 MB
    Driver:   31.0.15.3758
Initialize mono
Mono path[0] = 'D:/Unity/2022.3.9f1/Editor/Data/Managed'
Mono path[1] = 'D:/Unity/2022.3.9f1/Editor/Data/MonoBleedingEdge/lib/mono/unityjit-win32'
Mono config path = 'D:/Unity/2022.3.9f1/Editor/Data/MonoBleedingEdge/etc'
Using monoOptions --debugger-agent=transport=dt_socket,embedding=1,server=y,suspend=n,address=127.0.0.1:56124
Begin MonoManager ReloadAssembly
Registering precompiled unity dll's ...
Register platform support module: D:/Unity/2022.3.9f1/Editor/Data/PlaybackEngines/WebGLSupport/UnityEditor.WebGL.Extensions.dll
Register platform support module: D:/Unity/2022.3.9f1/Editor/Data/PlaybackEngines/WindowsStandaloneSupport/UnityEditor.WindowsStandalone.Extensions.dll
Registered in 0.003656 seconds.
- Loaded All Assemblies, in  0.683 seconds
Native extension for WindowsStandalone target not found
Native extension for WebGL target not found
Mono: successfully reloaded assembly
- Finished resetting the current domain, in  0.184 seconds
Domain Reload Profiling: 867ms
	BeginReloadAssembly (82ms)
		ExecutionOrderSort (0ms)
		DisableScriptedObjects (0ms)
		BackupInstance (0ms)
		ReleaseScriptingObjects (0ms)
		CreateAndSetChildDomain (1ms)
	RebuildCommonClasses (152ms)
	RebuildNativeTypeToScriptingClass (8ms)
	initialDomainReloadingComplete (35ms)
	LoadAllAssembliesAndSetupDomain (407ms)
		LoadAssemblies (82ms)
		RebuildTransferFunctionScriptingTraits (0ms)
		AnalyzeDomain (405ms)
			TypeCache.Refresh (404ms)
				TypeCache.ScanAssembly (394ms)
			ScanForSourceGeneratedMonoScriptInfo (0ms)
			ResolveRequiredComponents (0ms)
	FinalizeReload (184ms)
		ReleaseScriptCaches (0ms)
		RebuildScriptCaches (0ms)
		SetupLoadedEditorAssemblies (142ms)
			LogAssemblyErrors (0ms)
			InitializePlatformSupportModulesInManaged (6ms)
			SetLoadedEditorAssemblies (5ms)
			RefreshPlugins (0ms)
			BeforeProcessingInitializeOnLoad (2ms)
			ProcessInitializeOnLoadAttributes (91ms)
			ProcessInitializeOnLoadMethodAttributes (37ms)
			AfterProcessingInitializeOnLoad (0ms)
			EditorAssembliesLoaded (0ms)
		ExecutionOrderSort2 (0ms)
		AwakeInstancesAfterBackupRestoration (0ms)
========================================================================
Worker process is ready to serve import requests
Begin MonoManager ReloadAssembly
- Loaded All Assemblies, in  0.490 seconds
Refreshing native plugins compatible for Editor in 3.08 ms, found 4 plugins.
Native extension for WindowsStandalone target not found
Native extension for WebGL target not found
Package Manager log level set to [2]
[Package Manager] Server::EnsureServerProcessIsRunning -- launch failed, reason: Unity was launched with the -noUpm command-line argument
[Package Manager] UpmClient::Send -- Unable to send message (not connected to UPM process).
[Package Manager] Cannot connect to Unity Package Manager local server
Mono: successfully reloaded assembly
- Finished resetting the current domain, in  0.444 seconds
Domain Reload Profiling: 933ms
	BeginReloadAssembly (110ms)
		ExecutionOrderSort (0ms)
		DisableScriptedObjects (3ms)
		BackupInstance (0ms)
		ReleaseScriptingObjects (0ms)
		CreateAndSetChildDomain (14ms)
	RebuildCommonClasses (24ms)
	RebuildNativeTypeToScriptingClass (7ms)
	initialDomainReloadingComplete (28ms)
	LoadAllAssembliesAndSetupDomain (318ms)
		LoadAssemblies (222ms)
		RebuildTransferFunctionScriptingTraits (0ms)
		AnalyzeDomain (162ms)
			TypeCache.Refresh (141ms)
				TypeCache.ScanAssembly (90ms)
			ScanForSourceGeneratedMonoScriptInfo (17ms)
			ResolveRequiredComponents (3ms)
	FinalizeReload (445ms)
		ReleaseScriptCaches (0ms)
		RebuildScriptCaches (0ms)
		SetupLoadedEditorAssemblies (327ms)
			LogAssemblyErrors (0ms)
			InitializePlatformSupportModulesInManaged (4ms)
			SetLoadedEditorAssemblies (4ms)
			RefreshPlugins (0ms)
			BeforeProcessingInitializeOnLoad (50ms)
			ProcessInitializeOnLoadAttributes (243ms)
			ProcessInitializeOnLoadMethodAttributes (25ms)
			AfterProcessingInitializeOnLoad (1ms)
			EditorAssembliesLoaded (0ms)
		ExecutionOrderSort2 (0ms)
		AwakeInstancesAfterBackupRestoration (4ms)
Launched and connected shader compiler UnityShaderCompiler.exe after 0.05 seconds
Refreshing native plugins compatible for Editor in 3.25 ms, found 4 plugins.
Preloading 0 native plugins for Editor in 0.00 ms.
Unloading 4083 Unused Serialized files (Serialized files now loaded: 0)
Unloading 69 unused Assets / (244.8 KB). Loaded Objects now: 4540.
Memory consumption went from 141.9 MB to 141.6 MB.
Total: 2.299400 ms (FindLiveObjects: 0.189300 ms CreateObjectMapping: 0.081500 ms MarkObjects: 1.887900 ms  DeleteObjects: 0.139800 ms)

AssetImportParameters requested are different than current active one (requested -> active):
  custom:container-demuxer-ogg: 62fdf1f143b41e24485cea50d1cbac27 -> 
  custom:video-decoder-ogg-theora: a1e56fd34408186e4bbccfd4996cb3dc -> 
  custom:framework-win-MediaFoundation: 216162199b28c13a410421893ffa2e32 -> 
  custom:scripting/monoscript/fileName/QuestInfo.cs: 305ee6466658538dcb53a7711f00c005 -> 
  custom:CustomObjectIndexerAttribute: 756ad292c208cfabdd7b50bc23989ffe -> 
  custom:container-demuxer-webm: 4f35f7cbe854078d1ac9338744f61a02 -> 
  custom:scripting/monoscript/fileName/CollectFruitQuest.cs: 1cf6643c173ca4a368d95cf5c76d97a5 -> 
  custom:container-muxer-webm: aa71ff27fc2769a1b78a27578f13a17b -> 
  custom:video-decoder-webm-vp8: 9c59270c3fd7afecdb556c50c9e8de78 -> 
  custom:SearchIndexIgnoredProperties: e643bd26f0fe6173181afceb89e7c659 -> 
  custom:AudioImporter_EditorPlatform: d09bf68614088b80899f8185d706f6e7 -> 
  custom:scripting/monoscript/fileName/CollectCoinsQuestStep.cs: f8af2f86064114281996bb57dfb2055a -> 
  custom:video-encoder-webm-vp8: eb34c28f22e8b96e1ab97ce403110664 -> 
  custom:audio-decoder-ogg-vorbis: bf7c407c2cedff20999df2af8eb42d56 -> 
  custom:audio-encoder-webm-vorbis: bf7c407c2cedff20999df2af8eb42d56 -> 
========================================================================
Received Import Request.
  Time since last request: 112228.502495 seconds.
  path: Assets/Art/UI/Spritesheet_UI_Flat.png
  artifactKey: Guid(d7a32782f1dc4d14bbbceb4dc6d0117d) Importer(815301076,1909f56bfc062723c751e8b465ee728b)
Start importing Assets/Art/UI/Spritesheet_UI_Flat.png using Guid(d7a32782f1dc4d14bbbceb4dc6d0117d) Importer(815301076,1909f56bfc062723c751e8b465ee728b)  -> (artifact id: '640afc461bd9cd0183f7d65a19e228aa') in 0.089842 seconds
Number of updated asset objects reloaded before import = 0
Number of asset objects unloaded after import = 2
========================================================================
Received Import Request.
  Time since last request: 16.247317 seconds.
  path: Assets/Art/UI/Spritesheet_UI_Flat.png
  artifactKey: Guid(d7a32782f1dc4d14bbbceb4dc6d0117d) Importer(815301076,1909f56bfc062723c751e8b465ee728b)
Start importing Assets/Art/UI/Spritesheet_UI_Flat.png using Guid(d7a32782f1dc4d14bbbceb4dc6d0117d) Importer(815301076,1909f56bfc062723c751e8b465ee728b)  -> (artifact id: '1e0efc324779caefe290a4bd541cc91e') in 0.673238 seconds
Number of updated asset objects reloaded before import = 0
Number of asset objects unloaded after import = 450
========================================================================
Received Import Request.
  Time since last request: 16.934744 seconds.
  path: Assets/Art/UI/Spritesheet_UI_Flat_Button_01.png
  artifactKey: Guid(c4185d1c384c31049b8cc712c03d218d) Importer(815301076,1909f56bfc062723c751e8b465ee728b)
Start importing Assets/Art/UI/Spritesheet_UI_Flat_Button_01.png using Guid(c4185d1c384c31049b8cc712c03d218d) Importer(815301076,1909f56bfc062723c751e8b465ee728b)  -> (artifact id: 'd9f2d57c03b8984aede1af645a373fd4') in 0.013069 seconds
Number of updated asset objects reloaded before import = 0
Number of asset objects unloaded after import = 2
========================================================================
Received Import Request.
  Time since last request: 6.019145 seconds.
  path: Assets/Art/UI/Spritesheet_UI_Flat_Button_01.png
  artifactKey: Guid(c4185d1c384c31049b8cc712c03d218d) Importer(815301076,1909f56bfc062723c751e8b465ee728b)
Start importing Assets/Art/UI/Spritesheet_UI_Flat_Button_01.png using Guid(c4185d1c384c31049b8cc712c03d218d) Importer(815301076,1909f56bfc062723c751e8b465ee728b)  -> (artifact id: '310fdd8b348503e9f6338d578acc66ee') in 0.593334 seconds
Number of updated asset objects reloaded before import = 0
Number of asset objects unloaded after import = 290
========================================================================
Received Import Request.
  Time since last request: 8.575469 seconds.
  path: Assets/Art/UI/Spritesheet_UI_Flat_Button_02.png
  artifactKey: Guid(2f2d97773ba10774b8fd46bebbd1c17f) Importer(815301076,1909f56bfc062723c751e8b465ee728b)
Start importing Assets/Art/UI/Spritesheet_UI_Flat_Button_02.png using Guid(2f2d97773ba10774b8fd46bebbd1c17f) Importer(815301076,1909f56bfc062723c751e8b465ee728b)  -> (artifact id: '7b0a403ed43ce4ea726cd68f373e4078') in 0.011777 seconds
Number of updated asset objects reloaded before import = 0
Number of asset objects unloaded after import = 2
========================================================================
Received Import Request.
  Time since last request: 4.199214 seconds.
  path: Assets/Art/UI/Spritesheet_UI_Flat_Button_02.png
  artifactKey: Guid(2f2d97773ba10774b8fd46bebbd1c17f) Importer(815301076,1909f56bfc062723c751e8b465ee728b)
Start importing Assets/Art/UI/Spritesheet_UI_Flat_Button_02.png using Guid(2f2d97773ba10774b8fd46bebbd1c17f) Importer(815301076,1909f56bfc062723c751e8b465ee728b)  -> (artifact id: '00e4b7f2f75a8243127389577ea587d6') in 0.533796 seconds
Number of updated asset objects reloaded before import = 0
Number of asset objects unloaded after import = 290
========================================================================
Received Import Request.
  Time since last request: 10.041364 seconds.
  path: Assets/Art/UI/Spritesheet_UI_Flat_Select_01.png
  artifactKey: Guid(ac7663d40afc67b4b9b716d3a9dd4db4) Importer(815301076,1909f56bfc062723c751e8b465ee728b)
Start importing Assets/Art/UI/Spritesheet_UI_Flat_Select_01.png using Guid(ac7663d40afc67b4b9b716d3a9dd4db4) Importer(815301076,1909f56bfc062723c751e8b465ee728b)  -> (artifact id: '48ec7c3b4857fd46926c8f314457f68d') in 0.011538 seconds
Number of updated asset objects reloaded before import = 0
Number of asset objects unloaded after import = 2
========================================================================
Received Import Request.
  Time since last request: 6.788523 seconds.
  path: Assets/Art/UI/Spritesheet_UI_Flat_Select_01.png
  artifactKey: Guid(ac7663d40afc67b4b9b716d3a9dd4db4) Importer(815301076,1909f56bfc062723c751e8b465ee728b)
Start importing Assets/Art/UI/Spritesheet_UI_Flat_Select_01.png using Guid(ac7663d40afc67b4b9b716d3a9dd4db4) Importer(815301076,1909f56bfc062723c751e8b465ee728b)  -> (artifact id: 'a4834e02bd4d28e1decd4b1a08aefaa9') in 0.136363 seconds
Number of updated asset objects reloaded before import = 0
Number of asset objects unloaded after import = 18
========================================================================
Received Import Request.
  Time since last request: 10.944588 seconds.
  path: Assets/Art/UI/Spritesheet_UI_Flat_Select_02.png
  artifactKey: Guid(3e640176e6593f94fb2713f72fde2ea3) Importer(815301076,1909f56bfc062723c751e8b465ee728b)
Start importing Assets/Art/UI/Spritesheet_UI_Flat_Select_02.png using Guid(3e640176e6593f94fb2713f72fde2ea3) Importer(815301076,1909f56bfc062723c751e8b465ee728b)  -> (artifact id: '8511cbcd86b14e7fd2d3c6fb36122e94') in 0.011692 seconds
Number of updated asset objects reloaded before import = 0
Number of asset objects unloaded after import = 2
========================================================================
Received Import Request.
  Time since last request: 4.032430 seconds.
  path: Assets/Art/UI/Spritesheet_UI_Flat_Select_02.png
  artifactKey: Guid(3e640176e6593f94fb2713f72fde2ea3) Importer(815301076,1909f56bfc062723c751e8b465ee728b)
Start importing Assets/Art/UI/Spritesheet_UI_Flat_Select_02.png using Guid(3e640176e6593f94fb2713f72fde2ea3) Importer(815301076,1909f56bfc062723c751e8b465ee728b)  -> (artifact id: '329a746e800f102f5e75abad9ace34cc') in 0.149120 seconds
Number of updated asset objects reloaded before import = 0
Number of asset objects unloaded after import = 18
========================================================================
Received Import Request.
  Time since last request: 54.124928 seconds.
  path: Assets/Art/UI/UI_Flat_Banner_01_Upward.png
  artifactKey: Guid(5d499014a2386cc428373e7289f53546) Importer(815301076,1909f56bfc062723c751e8b465ee728b)
Start importing Assets/Art/UI/UI_Flat_Banner_01_Upward.png using Guid(5d499014a2386cc428373e7289f53546) Importer(815301076,1909f56bfc062723c751e8b465ee728b)  -> (artifact id: '8e6ca6726f42507009379d890c84e621') in 0.038433 seconds
Number of updated asset objects reloaded before import = 0
Number of asset objects unloaded after import = 3
========================================================================
Received Import Request.
  Time since last request: 1.717793 seconds.
  path: Assets/Art/UI/UI_Flat_Banner_01_Downward.png
  artifactKey: Guid(64b850f5f86a9364d8a276ba638e4062) Importer(815301076,1909f56bfc062723c751e8b465ee728b)
Start importing Assets/Art/UI/UI_Flat_Banner_01_Downward.png using Guid(64b850f5f86a9364d8a276ba638e4062) Importer(815301076,1909f56bfc062723c751e8b465ee728b)  -> (artifact id: '2b1bd9eb4e57f4bca1be073c5aed063a') in 0.038300 seconds
Number of updated asset objects reloaded before import = 0
Number of asset objects unloaded after import = 3
========================================================================
Received Import Request.
  Time since last request: 3.066172 seconds.
  path: Assets/Art/UI/UI_Flat_Banner_02_Downward.png
  artifactKey: Guid(c735897244911e247bb5d4a25a267e84) Importer(815301076,1909f56bfc062723c751e8b465ee728b)
Start importing Assets/Art/UI/UI_Flat_Banner_02_Downward.png using Guid(c735897244911e247bb5d4a25a267e84) Importer(815301076,1909f56bfc062723c751e8b465ee728b)  -> (artifact id: 'ac5ba07d7fb4229aff83748b833ccb6a') in 0.024587 seconds
Number of updated asset objects reloaded before import = 0
Number of asset objects unloaded after import = 3
========================================================================
Received Import Request.
  Time since last request: 1.756741 seconds.
  path: Assets/Art/UI/UI_Flat_Banner_02_Upward.png
  artifactKey: Guid(2ca2546073baddd42836b28dd8c859db) Importer(815301076,1909f56bfc062723c751e8b465ee728b)
Start importing Assets/Art/UI/UI_Flat_Banner_02_Upward.png using Guid(2ca2546073baddd42836b28dd8c859db) Importer(815301076,1909f56bfc062723c751e8b465ee728b)  -> (artifact id: '7a8331b3ff9448ba81c3237d57c06a48') in 0.030714 seconds
Number of updated asset objects reloaded before import = 0
Number of asset objects unloaded after import = 3
========================================================================
Received Import Request.
  Time since last request: 10.369506 seconds.
  path: Assets/Art/UI/UI_Flat_Checkmark_Large.png
  artifactKey: Guid(035713fffdb5f824d98b8b31a667ea8c) Importer(815301076,1909f56bfc062723c751e8b465ee728b)
Start importing Assets/Art/UI/UI_Flat_Checkmark_Large.png using Guid(035713fffdb5f824d98b8b31a667ea8c) Importer(815301076,1909f56bfc062723c751e8b465ee728b)  -> (artifact id: '2a957600070f9f64c19b434c920b16c4') in 0.017782 seconds
Number of updated asset objects reloaded before import = 0
Number of asset objects unloaded after import = 3
========================================================================
Received Import Request.
  Time since last request: 0.000018 seconds.
  path: Assets/Art/UI/UI_Flat_Cross_Large.png
  artifactKey: Guid(ba6b2a8585b6089478cca933810fa861) Importer(815301076,1909f56bfc062723c751e8b465ee728b)
Start importing Assets/Art/UI/UI_Flat_Cross_Large.png using Guid(ba6b2a8585b6089478cca933810fa861) Importer(815301076,1909f56bfc062723c751e8b465ee728b)  -> (artifact id: 'e56ce4440839b349bf72927ec7b689e9') in 0.019551 seconds
Number of updated asset objects reloaded before import = 0
Number of asset objects unloaded after import = 3
========================================================================
Received Import Request.
  Time since last request: 0.000016 seconds.
  path: Assets/Art/UI/UI_Flat_Checkmark_Small.png
  artifactKey: Guid(a3384c4aea6fbf1449e4fefb7c927aa3) Importer(815301076,1909f56bfc062723c751e8b465ee728b)
Start importing Assets/Art/UI/UI_Flat_Checkmark_Small.png using Guid(a3384c4aea6fbf1449e4fefb7c927aa3) Importer(815301076,1909f56bfc062723c751e8b465ee728b)  -> (artifact id: '708fd3b41e3ce3f6bf6ecd25df7e6e7b') in 0.018785 seconds
Number of updated asset objects reloaded before import = 0
Number of asset objects unloaded after import = 3
========================================================================
Received Import Request.
  Time since last request: 38.103301 seconds.
  path: Assets/Art/UI/UI_Flat_Textfield_02.png
  artifactKey: Guid(0cc68e3053959a24fbfcb58e8e423c07) Importer(815301076,1909f56bfc062723c751e8b465ee728b)
Start importing Assets/Art/UI/UI_Flat_Textfield_02.png using Guid(0cc68e3053959a24fbfcb58e8e423c07) Importer(815301076,1909f56bfc062723c751e8b465ee728b)  -> (artifact id: '2754e6f31b98d84d20b7dfc20f727260') in 0.020707 seconds
Number of updated asset objects reloaded before import = 0
Number of asset objects unloaded after import = 3
========================================================================
Received Import Request.
  Time since last request: 233.984822 seconds.
  path: Assets/Art/Objects
  artifactKey: Guid(b206a06002db07c4f835447168f9b77f) Importer(815301076,1909f56bfc062723c751e8b465ee728b)
Start importing Assets/Art/Objects using Guid(b206a06002db07c4f835447168f9b77f) Importer(815301076,1909f56bfc062723c751e8b465ee728b)  -> (artifact id: '1c431d95afe23b559475d4d86a29d505') in 0.000674 seconds
Number of updated asset objects reloaded before import = 0
Number of asset objects unloaded after import = 0
========================================================================
Received Import Request.
  Time since last request: 233.418336 seconds.
  path: Assets/TextMesh Pro/Examples & Extras/Fonts/Oswald-Bold.ttf
  artifactKey: Guid(c9f6d0e7bc8541498c9a4799ba184ede) Importer(815301076,1909f56bfc062723c751e8b465ee728b)
Start importing Assets/TextMesh Pro/Examples & Extras/Fonts/Oswald-Bold.ttf using Guid(c9f6d0e7bc8541498c9a4799ba184ede) Importer(815301076,1909f56bfc062723c751e8b465ee728b)  -> (artifact id: '294d8b1710dc942a6654edea9fab0fea') in 0.053849 seconds
Number of updated asset objects reloaded before import = 0
Number of asset objects unloaded after import = 4
========================================================================
Received Import Request.
  Time since last request: 1.550018 seconds.
  path: Assets/TextMesh Pro/Examples & Extras/Fonts/Bangers.ttf
  artifactKey: Guid(5dd49b3eacc540408c98eee0de38e0f1) Importer(815301076,1909f56bfc062723c751e8b465ee728b)
Start importing Assets/TextMesh Pro/Examples & Extras/Fonts/Bangers.ttf using Guid(5dd49b3eacc540408c98eee0de38e0f1) Importer(815301076,1909f56bfc062723c751e8b465ee728b)  -> (artifact id: '878869d0b4a4293b898f7fbb9189ca37') in 0.007018 seconds
Number of updated asset objects reloaded before import = 0
Number of asset objects unloaded after import = 4
